[2025-07-14T16:13:43.157+0900] {manager.py:470} INFO - Processing files using up to 1 processes at a time 
[2025-07-14T16:13:43.157+0900] {manager.py:471} INFO - Process each file at most once every 30 seconds
[2025-07-14T16:13:43.157+0900] {manager.py:472} INFO - Checking for new files in /Users/jaewansim/Documents/nerdlab/airflow/dags every 300 seconds
[2025-07-14T16:13:43.158+0900] {manager.py:737} INFO - Searching for files in /Users/jaewansim/Documents/nerdlab/airflow/dags
[2025-07-14T16:13:43.168+0900] {manager.py:740} INFO - There are 54 files in /Users/jaewansim/Documents/nerdlab/airflow/dags
[2025-07-14T16:14:13.419+0900] {manager.py:878} INFO - 
================================================================================
DAG File Processing Stats

File Path                                                                                                                                                    PID    Runtime      # DAGs    # Errors  Last Runtime    Last Run
-----------------------------------------------------------------------------------------------------------------------------------------------------------  -----  ---------  --------  ----------  --------------  -------------------
/Users/jaewansim/Documents/nerdlab/airflow_venv/lib/python3.9/site-packages/airflow/example_dags/tutorial_dag.py                                                                      1           0  1.27s           2025-07-14T07:14:03
/Users/jaewansim/Documents/nerdlab/airflow_venv/lib/python3.9/site-packages/airflow/example_dags/example_xcomargs.py                                                                  2           0  1.11s           2025-07-14T07:14:07
/Users/jaewansim/Documents/nerdlab/airflow_venv/lib/python3.9/site-packages/airflow/example_dags/example_trigger_controller_dag.py                                                    1           0  1.04s           2025-07-14T07:14:13
/Users/jaewansim/Documents/nerdlab/airflow_venv/lib/python3.9/site-packages/airflow/example_dags/example_xcom.py                                                                      1           0  0.83s           2025-07-14T07:14:09
/Users/jaewansim/Documents/nerdlab/airflow/dags/news_bot_monitoring_dag.py                                                                                                            2           0  0.83s           2025-07-14T07:13:47
/Users/jaewansim/Documents/nerdlab/airflow/dags/combined_bot_monitoring_dag.py                                                                                                        3           0  0.81s           2025-07-14T07:13:44
/Users/jaewansim/Documents/nerdlab/airflow_venv/lib/python3.9/site-packages/airflow/example_dags/example_trigger_target_dag.py                                                        1           0  0.79s           2025-07-14T07:14:11
/Users/jaewansim/Documents/nerdlab/airflow_venv/lib/python3.9/site-packages/airflow/example_dags/tutorial_taskflow_api.py                                                             1           0  0.77s           2025-07-14T07:13:59
/Users/jaewansim/Documents/nerdlab/airflow_venv/lib/python3.9/site-packages/airflow/example_dags/tutorial_objectstorage.py                                                            1           0  0.74s           2025-07-14T07:14:01
/Users/jaewansim/Documents/nerdlab/airflow/dags/qna_bot_monitoring_dag.py                                                                                                             2           0  0.73s           2025-07-14T07:13:45
/Users/jaewansim/Documents/nerdlab/airflow_venv/lib/python3.9/site-packages/airflow/example_dags/tutorial.py                                                                          1           0  0.72s           2025-07-14T07:14:05
/Users/jaewansim/Documents/nerdlab/airflow_venv/lib/python3.9/site-packages/airflow/example_dags/plugins/listener_plugin.py                                                           0           0  0.71s           2025-07-14T07:13:52
/Users/jaewansim/Documents/nerdlab/airflow_venv/lib/python3.9/site-packages/airflow/example_dags/subdags/subdag.py                                                                    0           0  0.67s           2025-07-14T07:13:49
/Users/jaewansim/Documents/nerdlab/airflow_venv/lib/python3.9/site-packages/airflow/example_dags/plugins/workday.py                                                                   0           0  0.66s           2025-07-14T07:13:51
/Users/jaewansim/Documents/nerdlab/airflow_venv/lib/python3.9/site-packages/airflow/example_dags/plugins/event_listener.py                                                            0           0  0.64s           2025-07-14T07:13:54
/Users/jaewansim/Documents/nerdlab/airflow_venv/lib/python3.9/site-packages/airflow/example_dags/plugins/decreasing_priority_weight_strategy.py                                       0           0  0.63s           2025-07-14T07:13:56
/Users/jaewansim/Documents/nerdlab/airflow_venv/lib/python3.9/site-packages/airflow/example_dags/tutorial_taskflow_api_virtualenv.py                                                  0           0  0.63s           2025-07-14T07:13:57
/Users/jaewansim/Documents/nerdlab/airflow_venv/lib/python3.9/site-packages/airflow/example_dags/example_latest_only.py                                                               0           0
/Users/jaewansim/Documents/nerdlab/airflow_venv/lib/python3.9/site-packages/airflow/example_dags/example_local_kubernetes_executor.py                                                 0           0
/Users/jaewansim/Documents/nerdlab/airflow_venv/lib/python3.9/site-packages/airflow/example_dags/example_task_group_decorator.py                                                      0           0
/Users/jaewansim/Documents/nerdlab/airflow_venv/lib/python3.9/site-packages/airflow/example_dags/example_complex.py                                                                   0           0
/Users/jaewansim/Documents/nerdlab/airflow_venv/lib/python3.9/site-packages/airflow/example_dags/example_python_operator.py                                                           0           0
/Users/jaewansim/Documents/nerdlab/airflow_venv/lib/python3.9/site-packages/airflow/example_dags/example_params_trigger_ui.py                                                         0           0
/Users/jaewansim/Documents/nerdlab/airflow_venv/lib/python3.9/site-packages/airflow/example_dags/example_external_task_marker_dag.py                                                  0           0
/Users/jaewansim/Documents/nerdlab/airflow_venv/lib/python3.9/site-packages/airflow/example_dags/example_bash_operator.py                                                             0           0
/Users/jaewansim/Documents/nerdlab/airflow_venv/lib/python3.9/site-packages/airflow/example_dags/example_short_circuit_operator.py                                                    0           0
/Users/jaewansim/Documents/nerdlab/airflow_venv/lib/python3.9/site-packages/airflow/example_dags/example_setup_teardown.py                                                            0           0
/Users/jaewansim/Documents/nerdlab/airflow_venv/lib/python3.9/site-packages/airflow/example_dags/example_branch_operator.py                                                           0           0
/Users/jaewansim/Documents/nerdlab/airflow_venv/lib/python3.9/site-packages/airflow/example_dags/example_branch_labels.py                                                             0           0
/Users/jaewansim/Documents/nerdlab/airflow_venv/lib/python3.9/site-packages/airflow/example_dags/example_task_group.py                                                                0           0
/Users/jaewansim/Documents/nerdlab/airflow_venv/lib/python3.9/site-packages/airflow/example_dags/example_python_decorator.py                                                          0           0
/Users/jaewansim/Documents/nerdlab/airflow_venv/lib/python3.9/site-packages/airflow/example_dags/example_sla_dag.py                                                                   0           0
/Users/jaewansim/Documents/nerdlab/airflow_venv/lib/python3.9/site-packages/airflow/example_dags/example_passing_params_via_test_command.py                                           0           0
/Users/jaewansim/Documents/nerdlab/airflow_venv/lib/python3.9/site-packages/airflow/example_dags/example_latest_only_with_trigger.py                                                  0           0
/Users/jaewansim/Documents/nerdlab/airflow_venv/lib/python3.9/site-packages/airflow/example_dags/example_time_delta_sensor_async.py                                                   0           0
/Users/jaewansim/Documents/nerdlab/airflow_venv/lib/python3.9/site-packages/airflow/example_dags/example_dag_decorator.py                                                             0           0
/Users/jaewansim/Documents/nerdlab/airflow_venv/lib/python3.9/site-packages/airflow/example_dags/example_display_name.py                                                              0           0
/Users/jaewansim/Documents/nerdlab/airflow_venv/lib/python3.9/site-packages/airflow/example_dags/example_branch_operator_decorator.py                                                 0           0
/Users/jaewansim/Documents/nerdlab/airflow_venv/lib/python3.9/site-packages/airflow/example_dags/example_branch_day_of_week_operator.py                                               0           0
/Users/jaewansim/Documents/nerdlab/airflow_venv/lib/python3.9/site-packages/airflow/example_dags/example_skip_dag.py                                                                  0           0
/Users/jaewansim/Documents/nerdlab/airflow_venv/lib/python3.9/site-packages/airflow/example_dags/example_short_circuit_decorator.py                                                   0           0
/Users/jaewansim/Documents/nerdlab/airflow_venv/lib/python3.9/site-packages/airflow/example_dags/example_datasets.py                                                                  0           0
/Users/jaewansim/Documents/nerdlab/airflow_venv/lib/python3.9/site-packages/airflow/example_dags/example_bash_decorator.py                                                            0           0
/Users/jaewansim/Documents/nerdlab/airflow_venv/lib/python3.9/site-packages/airflow/example_dags/example_sensor_decorator.py                                                          0           0
/Users/jaewansim/Documents/nerdlab/airflow_venv/lib/python3.9/site-packages/airflow/example_dags/example_kubernetes_executor.py                                                       0           0
/Users/jaewansim/Documents/nerdlab/airflow_venv/lib/python3.9/site-packages/airflow/example_dags/example_branch_python_dop_operator_3.py                                              0           0
/Users/jaewansim/Documents/nerdlab/airflow_venv/lib/python3.9/site-packages/airflow/example_dags/example_sensors.py                                                                   0           0
/Users/jaewansim/Documents/nerdlab/airflow_venv/lib/python3.9/site-packages/airflow/example_dags/example_setup_teardown_taskflow.py                                                   0           0
/Users/jaewansim/Documents/nerdlab/airflow_venv/lib/python3.9/site-packages/airflow/example_dags/example_branch_datetime_operator.py                                                  0           0
/Users/jaewansim/Documents/nerdlab/airflow_venv/lib/python3.9/site-packages/airflow/example_dags/example_nested_branch_dag.py                                                         0           0
/Users/jaewansim/Documents/nerdlab/airflow_venv/lib/python3.9/site-packages/airflow/example_dags/example_subdag_operator.py                                                           0           0
/Users/jaewansim/Documents/nerdlab/airflow_venv/lib/python3.9/site-packages/airflow/example_dags/example_dynamic_task_mapping_with_no_taskflow_operators.py                           0           0
/Users/jaewansim/Documents/nerdlab/airflow_venv/lib/python3.9/site-packages/airflow/example_dags/example_params_ui_tutorial.py                                                        0           0
/Users/jaewansim/Documents/nerdlab/airflow_venv/lib/python3.9/site-packages/airflow/example_dags/example_dynamic_task_mapping.py                                                      0           0
================================================================================
[2025-07-14T16:14:44.345+0900] {manager.py:878} INFO - 
================================================================================
DAG File Processing Stats

File Path                                                                                                                                                    PID    Runtime      # DAGs    # Errors  Last Runtime    Last Run
-----------------------------------------------------------------------------------------------------------------------------------------------------------  -----  ---------  --------  ----------  --------------  -------------------
/Users/jaewansim/Documents/nerdlab/airflow_venv/lib/python3.9/site-packages/airflow/example_dags/tutorial_dag.py                                                                      1           0  1.27s           2025-07-14T07:14:03
/Users/jaewansim/Documents/nerdlab/airflow_venv/lib/python3.9/site-packages/airflow/example_dags/example_task_group_decorator.py                                                      1           0  1.16s           2025-07-14T07:14:16
/Users/jaewansim/Documents/nerdlab/airflow_venv/lib/python3.9/site-packages/airflow/example_dags/example_xcomargs.py                                                                  2           0  1.11s           2025-07-14T07:14:07
/Users/jaewansim/Documents/nerdlab/airflow_venv/lib/python3.9/site-packages/airflow/example_dags/example_trigger_controller_dag.py                                                    1           0  1.04s           2025-07-14T07:14:13
/Users/jaewansim/Documents/nerdlab/airflow_venv/lib/python3.9/site-packages/airflow/example_dags/example_sla_dag.py                                                                   1           0  0.90s           2025-07-14T07:14:22
/Users/jaewansim/Documents/nerdlab/airflow_venv/lib/python3.9/site-packages/airflow/example_dags/example_skip_dag.py                                                                  1           0  0.87s           2025-07-14T07:14:24
/Users/jaewansim/Documents/nerdlab/airflow_venv/lib/python3.9/site-packages/airflow/example_dags/example_xcom.py                                                                      1           0  0.83s           2025-07-14T07:14:09
/Users/jaewansim/Documents/nerdlab/airflow/dags/news_bot_monitoring_dag.py                                                                                                            2           0  0.83s           2025-07-14T07:13:47
/Users/jaewansim/Documents/nerdlab/airflow_venv/lib/python3.9/site-packages/airflow/example_dags/example_time_delta_sensor_async.py                                                   1           0  0.82s           2025-07-14T07:14:14
/Users/jaewansim/Documents/nerdlab/airflow_venv/lib/python3.9/site-packages/airflow/example_dags/example_task_group.py                                                                1           0  0.82s           2025-07-14T07:14:18
/Users/jaewansim/Documents/nerdlab/airflow/dags/combined_bot_monitoring_dag.py                                                                                                        3           0  0.81s           2025-07-14T07:13:44
/Users/jaewansim/Documents/nerdlab/airflow_venv/lib/python3.9/site-packages/airflow/example_dags/example_trigger_target_dag.py                                                        1           0  0.79s           2025-07-14T07:14:11
/Users/jaewansim/Documents/nerdlab/airflow_venv/lib/python3.9/site-packages/airflow/example_dags/example_passing_params_via_test_command.py                                           1           0  0.78s           2025-07-14T07:14:37
/Users/jaewansim/Documents/nerdlab/airflow_venv/lib/python3.9/site-packages/airflow/example_dags/example_subdag_operator.py                                                           3           0  0.77s           2025-07-14T07:14:20
/Users/jaewansim/Documents/nerdlab/airflow_venv/lib/python3.9/site-packages/airflow/example_dags/example_setup_teardown.py                                                            1           0  0.77s           2025-07-14T07:14:29
/Users/jaewansim/Documents/nerdlab/airflow_venv/lib/python3.9/site-packages/airflow/example_dags/tutorial_taskflow_api.py                                                             1           0  0.77s           2025-07-14T07:13:59
/Users/jaewansim/Documents/nerdlab/airflow_venv/lib/python3.9/site-packages/airflow/example_dags/example_python_operator.py                                                           1           0  0.77s           2025-07-14T07:14:33
/Users/jaewansim/Documents/nerdlab/airflow_venv/lib/python3.9/site-packages/airflow/example_dags/example_sensors.py                                                                   1           0  0.76s           2025-07-14T07:14:31
/Users/jaewansim/Documents/nerdlab/airflow_venv/lib/python3.9/site-packages/airflow/example_dags/example_params_ui_tutorial.py                                                        1           0  0.75s           2025-07-14T07:14:39
/Users/jaewansim/Documents/nerdlab/airflow_venv/lib/python3.9/site-packages/airflow/example_dags/tutorial_objectstorage.py                                                            1           0  0.74s           2025-07-14T07:14:01
/Users/jaewansim/Documents/nerdlab/airflow_venv/lib/python3.9/site-packages/airflow/example_dags/example_params_trigger_ui.py                                                         1           0  0.74s           2025-07-14T07:14:40
/Users/jaewansim/Documents/nerdlab/airflow_venv/lib/python3.9/site-packages/airflow/example_dags/example_short_circuit_operator.py                                                    1           0  0.74s           2025-07-14T07:14:25
/Users/jaewansim/Documents/nerdlab/airflow_venv/lib/python3.9/site-packages/airflow/example_dags/example_setup_teardown_taskflow.py                                                   1           0  0.73s           2025-07-14T07:14:27
/Users/jaewansim/Documents/nerdlab/airflow_venv/lib/python3.9/site-packages/airflow/example_dags/example_python_decorator.py                                                          1           0  0.73s           2025-07-14T07:14:35
/Users/jaewansim/Documents/nerdlab/airflow/dags/qna_bot_monitoring_dag.py                                                                                                             2           0  0.73s           2025-07-14T07:13:45
/Users/jaewansim/Documents/nerdlab/airflow_venv/lib/python3.9/site-packages/airflow/example_dags/tutorial.py                                                                          1           0  0.72s           2025-07-14T07:14:05
/Users/jaewansim/Documents/nerdlab/airflow_venv/lib/python3.9/site-packages/airflow/example_dags/example_sensor_decorator.py                                                          1           0  0.72s           2025-07-14T07:14:31
/Users/jaewansim/Documents/nerdlab/airflow_venv/lib/python3.9/site-packages/airflow/example_dags/example_nested_branch_dag.py                                                         1           0  0.72s           2025-07-14T07:14:42
/Users/jaewansim/Documents/nerdlab/airflow_venv/lib/python3.9/site-packages/airflow/example_dags/example_local_kubernetes_executor.py                                                 0           0  0.71s           2025-07-14T07:14:44
/Users/jaewansim/Documents/nerdlab/airflow_venv/lib/python3.9/site-packages/airflow/example_dags/example_short_circuit_decorator.py                                                   1           0  0.71s           2025-07-14T07:14:26
/Users/jaewansim/Documents/nerdlab/airflow_venv/lib/python3.9/site-packages/airflow/example_dags/plugins/listener_plugin.py                                                           0           0  0.71s           2025-07-14T07:13:52
/Users/jaewansim/Documents/nerdlab/airflow_venv/lib/python3.9/site-packages/airflow/example_dags/subdags/subdag.py                                                                    0           0  0.67s           2025-07-14T07:13:49
/Users/jaewansim/Documents/nerdlab/airflow_venv/lib/python3.9/site-packages/airflow/example_dags/plugins/workday.py                                                                   0           0  0.66s           2025-07-14T07:13:51
/Users/jaewansim/Documents/nerdlab/airflow_venv/lib/python3.9/site-packages/airflow/example_dags/plugins/event_listener.py                                                            0           0  0.64s           2025-07-14T07:13:54
/Users/jaewansim/Documents/nerdlab/airflow_venv/lib/python3.9/site-packages/airflow/example_dags/plugins/decreasing_priority_weight_strategy.py                                       0           0  0.63s           2025-07-14T07:13:56
/Users/jaewansim/Documents/nerdlab/airflow_venv/lib/python3.9/site-packages/airflow/example_dags/tutorial_taskflow_api_virtualenv.py                                                  0           0  0.63s           2025-07-14T07:13:57
/Users/jaewansim/Documents/nerdlab/airflow_venv/lib/python3.9/site-packages/airflow/example_dags/example_latest_only.py                                                               0           0
/Users/jaewansim/Documents/nerdlab/airflow_venv/lib/python3.9/site-packages/airflow/example_dags/example_complex.py                                                                   0           0
/Users/jaewansim/Documents/nerdlab/airflow_venv/lib/python3.9/site-packages/airflow/example_dags/example_external_task_marker_dag.py                                                  0           0
/Users/jaewansim/Documents/nerdlab/airflow_venv/lib/python3.9/site-packages/airflow/example_dags/example_bash_operator.py                                                             0           0
/Users/jaewansim/Documents/nerdlab/airflow_venv/lib/python3.9/site-packages/airflow/example_dags/example_branch_operator.py                                                           0           0
/Users/jaewansim/Documents/nerdlab/airflow_venv/lib/python3.9/site-packages/airflow/example_dags/example_branch_labels.py                                                             0           0
/Users/jaewansim/Documents/nerdlab/airflow_venv/lib/python3.9/site-packages/airflow/example_dags/example_latest_only_with_trigger.py                                                  0           0
/Users/jaewansim/Documents/nerdlab/airflow_venv/lib/python3.9/site-packages/airflow/example_dags/example_dag_decorator.py                                                             0           0
/Users/jaewansim/Documents/nerdlab/airflow_venv/lib/python3.9/site-packages/airflow/example_dags/example_display_name.py                                                              0           0
/Users/jaewansim/Documents/nerdlab/airflow_venv/lib/python3.9/site-packages/airflow/example_dags/example_branch_operator_decorator.py                                                 0           0
/Users/jaewansim/Documents/nerdlab/airflow_venv/lib/python3.9/site-packages/airflow/example_dags/example_branch_day_of_week_operator.py                                               0           0
/Users/jaewansim/Documents/nerdlab/airflow_venv/lib/python3.9/site-packages/airflow/example_dags/example_datasets.py                                                                  0           0
/Users/jaewansim/Documents/nerdlab/airflow_venv/lib/python3.9/site-packages/airflow/example_dags/example_bash_decorator.py                                                            0           0
/Users/jaewansim/Documents/nerdlab/airflow_venv/lib/python3.9/site-packages/airflow/example_dags/example_kubernetes_executor.py                                                       0           0
/Users/jaewansim/Documents/nerdlab/airflow_venv/lib/python3.9/site-packages/airflow/example_dags/example_branch_python_dop_operator_3.py                                              0           0
/Users/jaewansim/Documents/nerdlab/airflow_venv/lib/python3.9/site-packages/airflow/example_dags/example_branch_datetime_operator.py                                                  0           0
/Users/jaewansim/Documents/nerdlab/airflow_venv/lib/python3.9/site-packages/airflow/example_dags/example_dynamic_task_mapping_with_no_taskflow_operators.py                           0           0
/Users/jaewansim/Documents/nerdlab/airflow_venv/lib/python3.9/site-packages/airflow/example_dags/example_dynamic_task_mapping.py                                                      0           0
================================================================================
[2025-07-14T16:15:15.279+0900] {manager.py:878} INFO - 
================================================================================
DAG File Processing Stats

File Path                                                                                                                                                    PID    Runtime      # DAGs    # Errors  Last Runtime    Last Run
-----------------------------------------------------------------------------------------------------------------------------------------------------------  -----  ---------  --------  ----------  --------------  -------------------
/Users/jaewansim/Documents/nerdlab/airflow_venv/lib/python3.9/site-packages/airflow/example_dags/tutorial_dag.py                                                                      1           0  1.27s           2025-07-14T07:14:03
/Users/jaewansim/Documents/nerdlab/airflow_venv/lib/python3.9/site-packages/airflow/example_dags/example_branch_labels.py                                                             1           0  1.21s           2025-07-14T07:15:08
/Users/jaewansim/Documents/nerdlab/airflow_venv/lib/python3.9/site-packages/airflow/example_dags/example_task_group_decorator.py                                                      1           0  1.16s           2025-07-14T07:14:16
/Users/jaewansim/Documents/nerdlab/airflow_venv/lib/python3.9/site-packages/airflow/example_dags/example_xcomargs.py                                                                  2           0  1.11s           2025-07-14T07:14:07
/Users/jaewansim/Documents/nerdlab/airflow_venv/lib/python3.9/site-packages/airflow/example_dags/example_trigger_controller_dag.py                                                    1           0  1.04s           2025-07-14T07:14:13
/Users/jaewansim/Documents/nerdlab/airflow_venv/lib/python3.9/site-packages/airflow/example_dags/example_dynamic_task_mapping.py                                                      1           0  0.91s           2025-07-14T07:14:55
/Users/jaewansim/Documents/nerdlab/airflow_venv/lib/python3.9/site-packages/airflow/example_dags/example_sla_dag.py                                                                   1           0  0.90s           2025-07-14T07:14:22
/Users/jaewansim/Documents/nerdlab/airflow_venv/lib/python3.9/site-packages/airflow/example_dags/example_dynamic_task_mapping_with_no_taskflow_operators.py                           1           0  0.89s           2025-07-14T07:14:53
/Users/jaewansim/Documents/nerdlab/airflow_venv/lib/python3.9/site-packages/airflow/example_dags/example_skip_dag.py                                                                  1           0  0.87s           2025-07-14T07:14:24
/Users/jaewansim/Documents/nerdlab/airflow_venv/lib/python3.9/site-packages/airflow/example_dags/example_bash_decorator.py                                                            1           0  0.85s           2025-07-14T07:15:15
/Users/jaewansim/Documents/nerdlab/airflow_venv/lib/python3.9/site-packages/airflow/example_dags/example_external_task_marker_dag.py                                                  2           0  0.85s           2025-07-14T07:14:51
/Users/jaewansim/Documents/nerdlab/airflow_venv/lib/python3.9/site-packages/airflow/example_dags/example_datasets.py                                                                 10           0  0.84s           2025-07-14T07:14:58
/Users/jaewansim/Documents/nerdlab/airflow_venv/lib/python3.9/site-packages/airflow/example_dags/example_xcom.py                                                                      1           0  0.83s           2025-07-14T07:14:09
/Users/jaewansim/Documents/nerdlab/airflow/dags/news_bot_monitoring_dag.py                                                                                                            2           0  0.83s           2025-07-14T07:13:47
/Users/jaewansim/Documents/nerdlab/airflow_venv/lib/python3.9/site-packages/airflow/example_dags/example_time_delta_sensor_async.py                                                   1           0  0.82s           2025-07-14T07:14:14
/Users/jaewansim/Documents/nerdlab/airflow_venv/lib/python3.9/site-packages/airflow/example_dags/example_task_group.py                                                                1           0  0.82s           2025-07-14T07:14:18
/Users/jaewansim/Documents/nerdlab/airflow_venv/lib/python3.9/site-packages/airflow/example_dags/example_dag_decorator.py                                                             1           0  0.81s           2025-07-14T07:15:00
/Users/jaewansim/Documents/nerdlab/airflow/dags/combined_bot_monitoring_dag.py                                                                                                        3           0  0.81s           2025-07-14T07:13:44
/Users/jaewansim/Documents/nerdlab/airflow_venv/lib/python3.9/site-packages/airflow/example_dags/example_trigger_target_dag.py                                                        1           0  0.79s           2025-07-14T07:14:11
/Users/jaewansim/Documents/nerdlab/airflow_venv/lib/python3.9/site-packages/airflow/example_dags/example_passing_params_via_test_command.py                                           1           0  0.78s           2025-07-14T07:14:37
/Users/jaewansim/Documents/nerdlab/airflow_venv/lib/python3.9/site-packages/airflow/example_dags/example_subdag_operator.py                                                           3           0  0.77s           2025-07-14T07:14:20
/Users/jaewansim/Documents/nerdlab/airflow_venv/lib/python3.9/site-packages/airflow/example_dags/example_setup_teardown.py                                                            1           0  0.77s           2025-07-14T07:14:29
/Users/jaewansim/Documents/nerdlab/airflow_venv/lib/python3.9/site-packages/airflow/example_dags/tutorial_taskflow_api.py                                                             1           0  0.77s           2025-07-14T07:13:59
/Users/jaewansim/Documents/nerdlab/airflow_venv/lib/python3.9/site-packages/airflow/example_dags/example_python_operator.py                                                           1           0  0.77s           2025-07-14T07:14:33
/Users/jaewansim/Documents/nerdlab/airflow_venv/lib/python3.9/site-packages/airflow/example_dags/example_sensors.py                                                                   1           0  0.76s           2025-07-14T07:14:31
/Users/jaewansim/Documents/nerdlab/airflow_venv/lib/python3.9/site-packages/airflow/example_dags/example_latest_only_with_trigger.py                                                  1           0  0.75s           2025-07-14T07:14:46
/Users/jaewansim/Documents/nerdlab/airflow_venv/lib/python3.9/site-packages/airflow/example_dags/example_branch_datetime_operator.py                                                  3           0  0.75s           2025-07-14T07:15:11
/Users/jaewansim/Documents/nerdlab/airflow_venv/lib/python3.9/site-packages/airflow/example_dags/example_params_ui_tutorial.py                                                        1           0  0.75s           2025-07-14T07:14:39
/Users/jaewansim/Documents/nerdlab/airflow_venv/lib/python3.9/site-packages/airflow/example_dags/example_latest_only.py                                                               1           0  0.74s           2025-07-14T07:14:47
/Users/jaewansim/Documents/nerdlab/airflow_venv/lib/python3.9/site-packages/airflow/example_dags/example_display_name.py                                                              1           0  0.74s           2025-07-14T07:14:56
/Users/jaewansim/Documents/nerdlab/airflow_venv/lib/python3.9/site-packages/airflow/example_dags/tutorial_objectstorage.py                                                            1           0  0.74s           2025-07-14T07:14:01
/Users/jaewansim/Documents/nerdlab/airflow_venv/lib/python3.9/site-packages/airflow/example_dags/example_params_trigger_ui.py                                                         1           0  0.74s           2025-07-14T07:14:40
/Users/jaewansim/Documents/nerdlab/airflow_venv/lib/python3.9/site-packages/airflow/example_dags/example_short_circuit_operator.py                                                    1           0  0.74s           2025-07-14T07:14:25
/Users/jaewansim/Documents/nerdlab/airflow_venv/lib/python3.9/site-packages/airflow/example_dags/example_setup_teardown_taskflow.py                                                   1           0  0.73s           2025-07-14T07:14:27
/Users/jaewansim/Documents/nerdlab/airflow_venv/lib/python3.9/site-packages/airflow/example_dags/example_python_decorator.py                                                          1           0  0.73s           2025-07-14T07:14:35
/Users/jaewansim/Documents/nerdlab/airflow/dags/qna_bot_monitoring_dag.py                                                                                                             2           0  0.73s           2025-07-14T07:13:45
/Users/jaewansim/Documents/nerdlab/airflow_venv/lib/python3.9/site-packages/airflow/example_dags/tutorial.py                                                                          1           0  0.72s           2025-07-14T07:14:05
/Users/jaewansim/Documents/nerdlab/airflow_venv/lib/python3.9/site-packages/airflow/example_dags/example_sensor_decorator.py                                                          1           0  0.72s           2025-07-14T07:14:31
/Users/jaewansim/Documents/nerdlab/airflow_venv/lib/python3.9/site-packages/airflow/example_dags/example_complex.py                                                                   1           0  0.72s           2025-07-14T07:15:01
/Users/jaewansim/Documents/nerdlab/airflow_venv/lib/python3.9/site-packages/airflow/example_dags/example_nested_branch_dag.py                                                         1           0  0.72s           2025-07-14T07:14:42
/Users/jaewansim/Documents/nerdlab/airflow_venv/lib/python3.9/site-packages/airflow/example_dags/example_branch_python_dop_operator_3.py                                              1           0  0.71s           2025-07-14T07:15:03
/Users/jaewansim/Documents/nerdlab/airflow_venv/lib/python3.9/site-packages/airflow/example_dags/example_local_kubernetes_executor.py                                                 0           0  0.71s           2025-07-14T07:14:44
/Users/jaewansim/Documents/nerdlab/airflow_venv/lib/python3.9/site-packages/airflow/example_dags/example_short_circuit_decorator.py                                                   1           0  0.71s           2025-07-14T07:14:26
/Users/jaewansim/Documents/nerdlab/airflow_venv/lib/python3.9/site-packages/airflow/example_dags/plugins/listener_plugin.py                                                           0           0  0.71s           2025-07-14T07:13:52
/Users/jaewansim/Documents/nerdlab/airflow_venv/lib/python3.9/site-packages/airflow/example_dags/example_bash_operator.py                                                             1           0  0.71s           2025-07-14T07:15:13
/Users/jaewansim/Documents/nerdlab/airflow_venv/lib/python3.9/site-packages/airflow/example_dags/example_branch_day_of_week_operator.py                                               1           0  0.69s           2025-07-14T07:15:09
/Users/jaewansim/Documents/nerdlab/airflow_venv/lib/python3.9/site-packages/airflow/example_dags/subdags/subdag.py                                                                    0           0  0.67s           2025-07-14T07:13:49
/Users/jaewansim/Documents/nerdlab/airflow_venv/lib/python3.9/site-packages/airflow/example_dags/plugins/workday.py                                                                   0           0  0.66s           2025-07-14T07:13:51
/Users/jaewansim/Documents/nerdlab/airflow_venv/lib/python3.9/site-packages/airflow/example_dags/example_branch_operator.py                                                           0           0  0.64s           2025-07-14T07:15:06
/Users/jaewansim/Documents/nerdlab/airflow_venv/lib/python3.9/site-packages/airflow/example_dags/plugins/event_listener.py                                                            0           0  0.64s           2025-07-14T07:13:54
/Users/jaewansim/Documents/nerdlab/airflow_venv/lib/python3.9/site-packages/airflow/example_dags/example_kubernetes_executor.py                                                       0           0  0.64s           2025-07-14T07:14:49
/Users/jaewansim/Documents/nerdlab/airflow_venv/lib/python3.9/site-packages/airflow/example_dags/plugins/decreasing_priority_weight_strategy.py                                       0           0  0.63s           2025-07-14T07:13:56
/Users/jaewansim/Documents/nerdlab/airflow_venv/lib/python3.9/site-packages/airflow/example_dags/tutorial_taskflow_api_virtualenv.py                                                  0           0  0.63s           2025-07-14T07:13:57
/Users/jaewansim/Documents/nerdlab/airflow_venv/lib/python3.9/site-packages/airflow/example_dags/example_branch_operator_decorator.py                                                 0           0  0.61s           2025-07-14T07:15:04
================================================================================
[2025-07-14T16:17:28.060+0900] {manager.py:452} INFO - Exiting gracefully upon receiving signal 15
