[2025-07-14T16:15:11.456+0900] {processor.py:161} INFO - Started process (PID=55807) to work on /Users/jaewansim/Documents/nerdlab/airflow_venv/lib/python3.9/site-packages/airflow/example_dags/example_branch_datetime_operator.py
[2025-07-14T16:15:11.458+0900] {processor.py:830} INFO - Processing file /Users/jaewansim/Documents/nerdlab/airflow_venv/lib/python3.9/site-packages/airflow/example_dags/example_branch_datetime_operator.py for tasks to queue
[2025-07-14T16:15:11.458+0900] {logging_mixin.py:188} INFO - [2025-07-14T16:15:11.458+0900] {dagbag.py:545} INFO - Filling up the DagBag from /Users/jaewansim/Documents/nerdlab/airflow_venv/lib/python3.9/site-packages/airflow/example_dags/example_branch_datetime_operator.py
[2025-07-14T16:15:11.463+0900] {processor.py:840} INFO - DAG(s) 'example_branch_datetime_operator', 'example_branch_datetime_operator_2', 'example_branch_datetime_operator_3' retrieved from /Users/jaewansim/Documents/nerdlab/airflow_venv/lib/python3.9/site-packages/airflow/example_dags/example_branch_datetime_operator.py
[2025-07-14T16:15:11.550+0900] {logging_mixin.py:188} INFO - [2025-07-14T16:15:11.550+0900] {override.py:1930} INFO - Created Permission View: can edit on DAG:example_branch_datetime_operator
[2025-07-14T16:15:11.553+0900] {logging_mixin.py:188} INFO - [2025-07-14T16:15:11.553+0900] {override.py:1930} INFO - Created Permission View: can read on DAG:example_branch_datetime_operator
[2025-07-14T16:15:11.554+0900] {logging_mixin.py:188} INFO - [2025-07-14T16:15:11.554+0900] {override.py:1930} INFO - Created Permission View: can delete on DAG:example_branch_datetime_operator
[2025-07-14T16:15:11.558+0900] {logging_mixin.py:188} INFO - [2025-07-14T16:15:11.558+0900] {override.py:1930} INFO - Created Permission View: can edit on DAG:example_branch_datetime_operator_2
[2025-07-14T16:15:11.560+0900] {logging_mixin.py:188} INFO - [2025-07-14T16:15:11.560+0900] {override.py:1930} INFO - Created Permission View: can read on DAG:example_branch_datetime_operator_2
[2025-07-14T16:15:11.561+0900] {logging_mixin.py:188} INFO - [2025-07-14T16:15:11.561+0900] {override.py:1930} INFO - Created Permission View: can delete on DAG:example_branch_datetime_operator_2
[2025-07-14T16:15:11.565+0900] {logging_mixin.py:188} INFO - [2025-07-14T16:15:11.565+0900] {override.py:1930} INFO - Created Permission View: can edit on DAG:example_branch_datetime_operator_3
[2025-07-14T16:15:11.566+0900] {logging_mixin.py:188} INFO - [2025-07-14T16:15:11.566+0900] {override.py:1930} INFO - Created Permission View: can read on DAG:example_branch_datetime_operator_3
[2025-07-14T16:15:11.568+0900] {logging_mixin.py:188} INFO - [2025-07-14T16:15:11.568+0900] {override.py:1930} INFO - Created Permission View: can delete on DAG:example_branch_datetime_operator_3
[2025-07-14T16:15:11.568+0900] {logging_mixin.py:188} INFO - [2025-07-14T16:15:11.568+0900] {dag.py:3096} INFO - Sync 3 DAGs
[2025-07-14T16:15:11.572+0900] {logging_mixin.py:188} INFO - [2025-07-14T16:15:11.572+0900] {dag.py:3118} INFO - Creating ORM DAG for example_branch_datetime_operator_3
[2025-07-14T16:15:11.572+0900] {logging_mixin.py:188} INFO - [2025-07-14T16:15:11.572+0900] {dag.py:3118} INFO - Creating ORM DAG for example_branch_datetime_operator_2
[2025-07-14T16:15:11.572+0900] {logging_mixin.py:188} INFO - [2025-07-14T16:15:11.572+0900] {dag.py:3118} INFO - Creating ORM DAG for example_branch_datetime_operator
[2025-07-14T16:15:11.575+0900] {logging_mixin.py:188} INFO - [2025-07-14T16:15:11.575+0900] {dag.py:3954} INFO - Setting next_dagrun for example_branch_datetime_operator to 2025-07-13 00:00:00+00:00, run_after=2025-07-14 00:00:00+00:00
[2025-07-14T16:15:11.576+0900] {logging_mixin.py:188} INFO - [2025-07-14T16:15:11.576+0900] {dag.py:3954} INFO - Setting next_dagrun for example_branch_datetime_operator_2 to 2025-07-13 00:00:00+00:00, run_after=2025-07-14 00:00:00+00:00
[2025-07-14T16:15:11.576+0900] {logging_mixin.py:188} INFO - [2025-07-14T16:15:11.576+0900] {dag.py:3954} INFO - Setting next_dagrun for example_branch_datetime_operator_3 to 2025-07-13 00:00:00+00:00, run_after=2025-07-14 00:00:00+00:00
[2025-07-14T16:15:11.583+0900] {processor.py:183} INFO - Processing /Users/jaewansim/Documents/nerdlab/airflow_venv/lib/python3.9/site-packages/airflow/example_dags/example_branch_datetime_operator.py took 0.128 seconds
