[2025-07-14T16:13:43.792+0900] {processor.py:161} INFO - Started process (PID=55556) to work on /Users/jaewansim/Documents/nerdlab/airflow/dags/combined_bot_monitoring_dag.py
[2025-07-14T16:13:43.794+0900] {processor.py:830} INFO - Processing file /Users/jaewansim/Documents/nerdlab/airflow/dags/combined_bot_monitoring_dag.py for tasks to queue
[2025-07-14T16:13:43.794+0900] {logging_mixin.py:188} INFO - [2025-07-14T16:13:43.794+0900] {dagbag.py:545} INFO - Filling up the DagBag from /Users/jaewansim/Documents/nerdlab/airflow/dags/combined_bot_monitoring_dag.py
[2025-07-14T16:13:43.808+0900] {processor.py:840} INFO - DAG(s) 'daily_bot_report', 'system_health_check', 'emergency_bot_check' retrieved from /Users/jaewansim/Documents/nerdlab/airflow/dags/combined_bot_monitoring_dag.py
[2025-07-14T16:13:43.919+0900] {logging_mixin.py:188} INFO - [2025-07-14T16:13:43.919+0900] {override.py:1930} INFO - Created Permission View: can edit on DAG:daily_bot_report
[2025-07-14T16:13:43.922+0900] {logging_mixin.py:188} INFO - [2025-07-14T16:13:43.922+0900] {override.py:1930} INFO - Created Permission View: can delete on DAG:daily_bot_report
[2025-07-14T16:13:43.924+0900] {logging_mixin.py:188} INFO - [2025-07-14T16:13:43.924+0900] {override.py:1930} INFO - Created Permission View: can read on DAG:daily_bot_report
[2025-07-14T16:13:43.928+0900] {logging_mixin.py:188} INFO - [2025-07-14T16:13:43.928+0900] {override.py:1930} INFO - Created Permission View: can edit on DAG:system_health_check
[2025-07-14T16:13:43.929+0900] {logging_mixin.py:188} INFO - [2025-07-14T16:13:43.929+0900] {override.py:1930} INFO - Created Permission View: can delete on DAG:system_health_check
[2025-07-14T16:13:43.931+0900] {logging_mixin.py:188} INFO - [2025-07-14T16:13:43.931+0900] {override.py:1930} INFO - Created Permission View: can read on DAG:system_health_check
[2025-07-14T16:13:43.935+0900] {logging_mixin.py:188} INFO - [2025-07-14T16:13:43.935+0900] {override.py:1930} INFO - Created Permission View: can edit on DAG:emergency_bot_check
[2025-07-14T16:13:43.937+0900] {logging_mixin.py:188} INFO - [2025-07-14T16:13:43.936+0900] {override.py:1930} INFO - Created Permission View: can delete on DAG:emergency_bot_check
[2025-07-14T16:13:43.938+0900] {logging_mixin.py:188} INFO - [2025-07-14T16:13:43.938+0900] {override.py:1930} INFO - Created Permission View: can read on DAG:emergency_bot_check
[2025-07-14T16:13:43.938+0900] {logging_mixin.py:188} INFO - [2025-07-14T16:13:43.938+0900] {dag.py:3096} INFO - Sync 3 DAGs
[2025-07-14T16:13:43.942+0900] {logging_mixin.py:188} INFO - [2025-07-14T16:13:43.942+0900] {dag.py:3118} INFO - Creating ORM DAG for daily_bot_report
[2025-07-14T16:13:43.943+0900] {logging_mixin.py:188} INFO - [2025-07-14T16:13:43.943+0900] {dag.py:3118} INFO - Creating ORM DAG for system_health_check
[2025-07-14T16:13:43.943+0900] {logging_mixin.py:188} INFO - [2025-07-14T16:13:43.943+0900] {dag.py:3118} INFO - Creating ORM DAG for emergency_bot_check
[2025-07-14T16:13:43.946+0900] {logging_mixin.py:188} INFO - [2025-07-14T16:13:43.946+0900] {dag.py:3954} INFO - Setting next_dagrun for daily_bot_report to 2025-07-12 22:00:00+00:00, run_after=2025-07-13 22:00:00+00:00
[2025-07-14T16:13:43.946+0900] {logging_mixin.py:188} INFO - [2025-07-14T16:13:43.946+0900] {dag.py:3954} INFO - Setting next_dagrun for emergency_bot_check to None, run_after=None
[2025-07-14T16:13:43.947+0900] {logging_mixin.py:188} INFO - [2025-07-14T16:13:43.947+0900] {dag.py:3954} INFO - Setting next_dagrun for system_health_check to 2025-07-14 00:00:00+00:00, run_after=2025-07-14 04:00:00+00:00
[2025-07-14T16:13:43.953+0900] {processor.py:183} INFO - Processing /Users/jaewansim/Documents/nerdlab/airflow/dags/combined_bot_monitoring_dag.py took 0.163 seconds
[2025-07-14T16:15:18.665+0900] {processor.py:161} INFO - Started process (PID=55829) to work on /Users/jaewansim/Documents/nerdlab/airflow/dags/combined_bot_monitoring_dag.py
[2025-07-14T16:15:18.667+0900] {processor.py:830} INFO - Processing file /Users/jaewansim/Documents/nerdlab/airflow/dags/combined_bot_monitoring_dag.py for tasks to queue
[2025-07-14T16:15:18.667+0900] {logging_mixin.py:188} INFO - [2025-07-14T16:15:18.667+0900] {dagbag.py:545} INFO - Filling up the DagBag from /Users/jaewansim/Documents/nerdlab/airflow/dags/combined_bot_monitoring_dag.py
[2025-07-14T16:15:18.677+0900] {processor.py:840} INFO - DAG(s) 'system_health_check', 'emergency_bot_check', 'daily_bot_report' retrieved from /Users/jaewansim/Documents/nerdlab/airflow/dags/combined_bot_monitoring_dag.py
[2025-07-14T16:15:18.732+0900] {logging_mixin.py:188} INFO - [2025-07-14T16:15:18.732+0900] {dag.py:3096} INFO - Sync 3 DAGs
[2025-07-14T16:15:18.738+0900] {logging_mixin.py:188} INFO - [2025-07-14T16:15:18.738+0900] {dag.py:3954} INFO - Setting next_dagrun for daily_bot_report to 2025-07-12 22:00:00+00:00, run_after=2025-07-13 22:00:00+00:00
[2025-07-14T16:15:18.739+0900] {logging_mixin.py:188} INFO - [2025-07-14T16:15:18.739+0900] {dag.py:3954} INFO - Setting next_dagrun for emergency_bot_check to None, run_after=None
[2025-07-14T16:15:18.740+0900] {logging_mixin.py:188} INFO - [2025-07-14T16:15:18.740+0900] {dag.py:3954} INFO - Setting next_dagrun for system_health_check to 2025-07-14 04:00:00+00:00, run_after=2025-07-14 08:00:00+00:00
[2025-07-14T16:15:18.747+0900] {processor.py:183} INFO - Processing /Users/jaewansim/Documents/nerdlab/airflow/dags/combined_bot_monitoring_dag.py took 0.083 seconds
