  ____________       _____________
 ____    |__( )_________  __/__  /________      __
____  /| |_  /__  ___/_  /_ __  /_  __ \_ | /| / /
___  ___ |  / _  /   _  __/ _  / / /_/ /_ |/ |/ /
 _/_/  |_/_/  /_/    /_/    /_/  \____/____/|__/
[[34m2025-07-14T16:13:42.330+0900[0m] {[34mtask_context_logger.py:[0m63} INFO[0m - Task context logging is enabled[0m
[[34m2025-07-14T16:13:42.333+0900[0m] {[34mexecutor_loader.py:[0m235} INFO[0m - Loaded executor: SequentialExecutor[0m
[[34m2025-07-14T16:13:42.418+0900[0m] {[34mscheduler_job_runner.py:[0m796} INFO[0m - Starting the scheduler[0m
[[34m2025-07-14T16:13:42.420+0900[0m] {[34mscheduler_job_runner.py:[0m803} INFO[0m - Processing each file at most -1 times[0m
[[34m2025-07-14T16:13:42.423+0900[0m] {[34mmanager.py:[0m170} INFO[0m - Launched DagFileProcessorManager with pid: 55547[0m
[[34m2025-07-14T16:13:42.424+0900[0m] {[34mscheduler_job_runner.py:[0m1595} INFO[0m - Adopting or resetting orphaned tasks for active dag runs[0m
[[34m2025-07-14T16:13:43.145+0900[0m] {[34msettings.py:[0m60} INFO[0m - Configured default timezone UTC[0m
[2025-07-14T16:13:43.157+0900] {manager.py:393} WARNING - Because we cannot use more than 1 thread (parsing_processes = 2) when using sqlite. So we set parallelism to 1.
[[34m2025-07-14T16:15:15.293+0900[0m] {[34mdag.py:[0m3954} INFO[0m - Setting next_dagrun for system_health_check to 2025-07-14 04:00:00+00:00, run_after=2025-07-14 08:00:00+00:00[0m
[[34m2025-07-14T16:15:15.338+0900[0m] {[34mscheduler_job_runner.py:[0m417} INFO[0m - 1 tasks up for execution:
	<TaskInstance: system_health_check.comprehensive_system_check scheduled__2025-07-14T00:00:00+00:00 [scheduled]>[0m
[[34m2025-07-14T16:15:15.339+0900[0m] {[34mscheduler_job_runner.py:[0m480} INFO[0m - DAG system_health_check has 0/16 running and queued tasks[0m
[[34m2025-07-14T16:15:15.339+0900[0m] {[34mscheduler_job_runner.py:[0m596} INFO[0m - Setting the following tasks to queued state:
	<TaskInstance: system_health_check.comprehensive_system_check scheduled__2025-07-14T00:00:00+00:00 [scheduled]>[0m
[[34m2025-07-14T16:15:15.340+0900[0m] {[34mscheduler_job_runner.py:[0m639} INFO[0m - Sending TaskInstanceKey(dag_id='system_health_check', task_id='comprehensive_system_check', run_id='scheduled__2025-07-14T00:00:00+00:00', try_number=1, map_index=-1) to executor with priority 1 and queue default[0m
[[34m2025-07-14T16:15:15.340+0900[0m] {[34mbase_executor.py:[0m149} INFO[0m - Adding to queue: ['airflow', 'tasks', 'run', 'system_health_check', 'comprehensive_system_check', 'scheduled__2025-07-14T00:00:00+00:00', '--local', '--subdir', 'DAGS_FOLDER/combined_bot_monitoring_dag.py'][0m
[[34m2025-07-14T16:15:15.341+0900[0m] {[34msequential_executor.py:[0m74} INFO[0m - Executing command: ['airflow', 'tasks', 'run', 'system_health_check', 'comprehensive_system_check', 'scheduled__2025-07-14T00:00:00+00:00', '--local', '--subdir', 'DAGS_FOLDER/combined_bot_monitoring_dag.py'][0m
[[34m2025-07-14T16:15:15.906+0900[0m] {[34mdagbag.py:[0m545} INFO[0m - Filling up the DagBag from /Users/jaewansim/Documents/nerdlab/airflow/dags/combined_bot_monitoring_dag.py[0m
[[34m2025-07-14T16:15:15.956+0900[0m] {[34mexample_local_kubernetes_executor.py:[0m40} WARNING[0m - Could not import DAGs in example_local_kubernetes_executor.py[0m
Traceback (most recent call last):
  File "/Users/jaewansim/Documents/nerdlab/airflow_venv/lib/python3.9/site-packages/airflow/example_dags/example_local_kubernetes_executor.py", line 38, in <module>
    from kubernetes.client import models as k8s
ModuleNotFoundError: No module named 'kubernetes'
[[34m2025-07-14T16:15:15.958+0900[0m] {[34mexample_local_kubernetes_executor.py:[0m41} WARNING[0m - Install Kubernetes dependencies with: pip install apache-airflow[cncf.kubernetes][0m
[[34m2025-07-14T16:15:15.966+0900[0m] {[34mexample_python_operator.py:[0m93} WARNING[0m - The virtalenv_python example task requires virtualenv, please install it.[0m
[[34m2025-07-14T16:15:15.966+0900[0m] {[34mtutorial_taskflow_api_virtualenv.py:[0m29} WARNING[0m - The tutorial_taskflow_api_virtualenv example DAG requires virtualenv, please install it.[0m
[[34m2025-07-14T16:15:15.996+0900[0m] {[34mexample_python_decorator.py:[0m80} WARNING[0m - The virtalenv_python example task requires virtualenv, please install it.[0m
[[34m2025-07-14T16:15:16.055+0900[0m] {[34mexample_kubernetes_executor.py:[0m39} WARNING[0m - The example_kubernetes_executor example DAG requires the kubernetes provider. Please install it with: pip install apache-airflow[cncf.kubernetes][0m
[[34m2025-07-14T16:15:16.104+0900[0m] {[34mworkday.py:[0m41} WARNING[0m - Could not import pandas. Holidays will not be considered.[0m
[[34m2025-07-14T16:15:16.121+0900[0m] {[34mtask_command.py:[0m426} INFO[0m - Running <TaskInstance: system_health_check.comprehensive_system_check scheduled__2025-07-14T00:00:00+00:00 [queued]> on host jaewanui-macbookpro.local[0m
[[34m2025-07-14T16:15:18.141+0900[0m] {[34mscheduler_job_runner.py:[0m689} INFO[0m - Received executor event with state success for task instance TaskInstanceKey(dag_id='system_health_check', task_id='comprehensive_system_check', run_id='scheduled__2025-07-14T00:00:00+00:00', try_number=1, map_index=-1)[0m
[[34m2025-07-14T16:15:18.146+0900[0m] {[34mscheduler_job_runner.py:[0m721} INFO[0m - TaskInstance Finished: dag_id=system_health_check, task_id=comprehensive_system_check, run_id=scheduled__2025-07-14T00:00:00+00:00, map_index=-1, run_start_date=2025-07-14 07:15:16.183092+00:00, run_end_date=2025-07-14 07:15:17.945813+00:00, run_duration=1.762721, state=success, executor_state=success, try_number=1, max_tries=1, job_id=2, pool=default_pool, queue=default, priority_weight=1, operator=PythonOperator, queued_dttm=2025-07-14 07:15:15.339754+00:00, queued_by_job_id=1, pid=55824[0m
[[34m2025-07-14T16:15:18.822+0900[0m] {[34mdagrun.py:[0m851} INFO[0m - Marking run <DagRun system_health_check @ 2025-07-14 00:00:00+00:00: scheduled__2025-07-14T00:00:00+00:00, state:running, queued_at: 2025-07-14 07:15:15.287676+00:00. externally triggered: False> successful[0m
[[34m2025-07-14T16:15:18.822+0900[0m] {[34mdagrun.py:[0m902} INFO[0m - DagRun Finished: dag_id=system_health_check, execution_date=2025-07-14 00:00:00+00:00, run_id=scheduled__2025-07-14T00:00:00+00:00, run_start_date=2025-07-14 07:15:15.297031+00:00, run_end_date=2025-07-14 07:15:18.822703+00:00, run_duration=3.525672, state=success, external_trigger=False, run_type=scheduled, data_interval_start=2025-07-14 00:00:00+00:00, data_interval_end=2025-07-14 04:00:00+00:00, dag_hash=222b0d4b72c7f9bbcd9384b6153d3796[0m
[[34m2025-07-14T16:15:18.825+0900[0m] {[34mdag.py:[0m3954} INFO[0m - Setting next_dagrun for system_health_check to 2025-07-14 04:00:00+00:00, run_after=2025-07-14 08:00:00+00:00[0m
[[34m2025-07-14T16:15:22.370+0900[0m] {[34mdag.py:[0m3954} INFO[0m - Setting next_dagrun for news_bot_monitoring to 2025-07-13 09:10:00+00:00, run_after=2025-07-14 09:10:00+00:00[0m
[[34m2025-07-14T16:15:22.386+0900[0m] {[34mscheduler_job_runner.py:[0m417} INFO[0m - 1 tasks up for execution:
	<TaskInstance: news_bot_monitoring.check_news_bot_log scheduled__2025-07-12T09:10:00+00:00 [scheduled]>[0m
[[34m2025-07-14T16:15:22.386+0900[0m] {[34mscheduler_job_runner.py:[0m480} INFO[0m - DAG news_bot_monitoring has 0/16 running and queued tasks[0m
[[34m2025-07-14T16:15:22.387+0900[0m] {[34mscheduler_job_runner.py:[0m596} INFO[0m - Setting the following tasks to queued state:
	<TaskInstance: news_bot_monitoring.check_news_bot_log scheduled__2025-07-12T09:10:00+00:00 [scheduled]>[0m
[[34m2025-07-14T16:15:22.387+0900[0m] {[34mscheduler_job_runner.py:[0m639} INFO[0m - Sending TaskInstanceKey(dag_id='news_bot_monitoring', task_id='check_news_bot_log', run_id='scheduled__2025-07-12T09:10:00+00:00', try_number=1, map_index=-1) to executor with priority 3 and queue default[0m
[[34m2025-07-14T16:15:22.388+0900[0m] {[34mbase_executor.py:[0m149} INFO[0m - Adding to queue: ['airflow', 'tasks', 'run', 'news_bot_monitoring', 'check_news_bot_log', 'scheduled__2025-07-12T09:10:00+00:00', '--local', '--subdir', 'DAGS_FOLDER/news_bot_monitoring_dag.py'][0m
[[34m2025-07-14T16:15:22.388+0900[0m] {[34msequential_executor.py:[0m74} INFO[0m - Executing command: ['airflow', 'tasks', 'run', 'news_bot_monitoring', 'check_news_bot_log', 'scheduled__2025-07-12T09:10:00+00:00', '--local', '--subdir', 'DAGS_FOLDER/news_bot_monitoring_dag.py'][0m
[[34m2025-07-14T16:15:22.892+0900[0m] {[34mdagbag.py:[0m545} INFO[0m - Filling up the DagBag from /Users/jaewansim/Documents/nerdlab/airflow/dags/news_bot_monitoring_dag.py[0m
[[34m2025-07-14T16:15:22.936+0900[0m] {[34mexample_local_kubernetes_executor.py:[0m40} WARNING[0m - Could not import DAGs in example_local_kubernetes_executor.py[0m
Traceback (most recent call last):
  File "/Users/jaewansim/Documents/nerdlab/airflow_venv/lib/python3.9/site-packages/airflow/example_dags/example_local_kubernetes_executor.py", line 38, in <module>
    from kubernetes.client import models as k8s
ModuleNotFoundError: No module named 'kubernetes'
[[34m2025-07-14T16:15:22.938+0900[0m] {[34mexample_local_kubernetes_executor.py:[0m41} WARNING[0m - Install Kubernetes dependencies with: pip install apache-airflow[cncf.kubernetes][0m
[[34m2025-07-14T16:15:22.945+0900[0m] {[34mexample_python_operator.py:[0m93} WARNING[0m - The virtalenv_python example task requires virtualenv, please install it.[0m
[[34m2025-07-14T16:15:22.946+0900[0m] {[34mtutorial_taskflow_api_virtualenv.py:[0m29} WARNING[0m - The tutorial_taskflow_api_virtualenv example DAG requires virtualenv, please install it.[0m
[[34m2025-07-14T16:15:22.974+0900[0m] {[34mexample_python_decorator.py:[0m80} WARNING[0m - The virtalenv_python example task requires virtualenv, please install it.[0m
[[34m2025-07-14T16:15:23.031+0900[0m] {[34mexample_kubernetes_executor.py:[0m39} WARNING[0m - The example_kubernetes_executor example DAG requires the kubernetes provider. Please install it with: pip install apache-airflow[cncf.kubernetes][0m
[[34m2025-07-14T16:15:23.078+0900[0m] {[34mworkday.py:[0m41} WARNING[0m - Could not import pandas. Holidays will not be considered.[0m
[[34m2025-07-14T16:15:23.094+0900[0m] {[34mtask_command.py:[0m426} INFO[0m - Running <TaskInstance: news_bot_monitoring.check_news_bot_log scheduled__2025-07-12T09:10:00+00:00 [queued]> on host jaewanui-macbookpro.local[0m
[[34m2025-07-14T16:15:24.118+0900[0m] {[34mscheduler_job_runner.py:[0m689} INFO[0m - Received executor event with state success for task instance TaskInstanceKey(dag_id='news_bot_monitoring', task_id='check_news_bot_log', run_id='scheduled__2025-07-12T09:10:00+00:00', try_number=1, map_index=-1)[0m
[[34m2025-07-14T16:15:24.122+0900[0m] {[34mscheduler_job_runner.py:[0m721} INFO[0m - TaskInstance Finished: dag_id=news_bot_monitoring, task_id=check_news_bot_log, run_id=scheduled__2025-07-12T09:10:00+00:00, map_index=-1, run_start_date=2025-07-14 07:15:23.158208+00:00, run_end_date=2025-07-14 07:15:23.786601+00:00, run_duration=0.628393, state=success, executor_state=success, try_number=1, max_tries=1, job_id=3, pool=default_pool, queue=default, priority_weight=3, operator=PythonOperator, queued_dttm=2025-07-14 07:15:22.387350+00:00, queued_by_job_id=1, pid=55837[0m
[[34m2025-07-14T16:15:24.862+0900[0m] {[34mdag.py:[0m3954} INFO[0m - Setting next_dagrun for qna_bot_monitoring to 2025-07-13 18:10:00+00:00, run_after=2025-07-14 18:10:00+00:00[0m
[[34m2025-07-14T16:15:24.875+0900[0m] {[34mscheduler_job_runner.py:[0m417} INFO[0m - 2 tasks up for execution:
	<TaskInstance: qna_bot_monitoring.check_qna_bot_log scheduled__2025-07-12T18:10:00+00:00 [scheduled]>
	<TaskInstance: news_bot_monitoring.check_and_notify scheduled__2025-07-12T09:10:00+00:00 [scheduled]>[0m
[[34m2025-07-14T16:15:24.875+0900[0m] {[34mscheduler_job_runner.py:[0m480} INFO[0m - DAG qna_bot_monitoring has 0/16 running and queued tasks[0m
[[34m2025-07-14T16:15:24.875+0900[0m] {[34mscheduler_job_runner.py:[0m480} INFO[0m - DAG news_bot_monitoring has 0/16 running and queued tasks[0m
[[34m2025-07-14T16:15:24.876+0900[0m] {[34mscheduler_job_runner.py:[0m596} INFO[0m - Setting the following tasks to queued state:
	<TaskInstance: qna_bot_monitoring.check_qna_bot_log scheduled__2025-07-12T18:10:00+00:00 [scheduled]>
	<TaskInstance: news_bot_monitoring.check_and_notify scheduled__2025-07-12T09:10:00+00:00 [scheduled]>[0m
[[34m2025-07-14T16:15:24.877+0900[0m] {[34mscheduler_job_runner.py:[0m639} INFO[0m - Sending TaskInstanceKey(dag_id='qna_bot_monitoring', task_id='check_qna_bot_log', run_id='scheduled__2025-07-12T18:10:00+00:00', try_number=1, map_index=-1) to executor with priority 3 and queue default[0m
[[34m2025-07-14T16:15:24.877+0900[0m] {[34mbase_executor.py:[0m149} INFO[0m - Adding to queue: ['airflow', 'tasks', 'run', 'qna_bot_monitoring', 'check_qna_bot_log', 'scheduled__2025-07-12T18:10:00+00:00', '--local', '--subdir', 'DAGS_FOLDER/qna_bot_monitoring_dag.py'][0m
[[34m2025-07-14T16:15:24.877+0900[0m] {[34mscheduler_job_runner.py:[0m639} INFO[0m - Sending TaskInstanceKey(dag_id='news_bot_monitoring', task_id='check_and_notify', run_id='scheduled__2025-07-12T09:10:00+00:00', try_number=1, map_index=-1) to executor with priority 2 and queue default[0m
[[34m2025-07-14T16:15:24.878+0900[0m] {[34mbase_executor.py:[0m149} INFO[0m - Adding to queue: ['airflow', 'tasks', 'run', 'news_bot_monitoring', 'check_and_notify', 'scheduled__2025-07-12T09:10:00+00:00', '--local', '--subdir', 'DAGS_FOLDER/news_bot_monitoring_dag.py'][0m
[[34m2025-07-14T16:15:24.878+0900[0m] {[34msequential_executor.py:[0m74} INFO[0m - Executing command: ['airflow', 'tasks', 'run', 'qna_bot_monitoring', 'check_qna_bot_log', 'scheduled__2025-07-12T18:10:00+00:00', '--local', '--subdir', 'DAGS_FOLDER/qna_bot_monitoring_dag.py'][0m
[[34m2025-07-14T16:15:25.382+0900[0m] {[34mdagbag.py:[0m545} INFO[0m - Filling up the DagBag from /Users/jaewansim/Documents/nerdlab/airflow/dags/qna_bot_monitoring_dag.py[0m
[[34m2025-07-14T16:15:25.424+0900[0m] {[34mexample_local_kubernetes_executor.py:[0m40} WARNING[0m - Could not import DAGs in example_local_kubernetes_executor.py[0m
Traceback (most recent call last):
  File "/Users/jaewansim/Documents/nerdlab/airflow_venv/lib/python3.9/site-packages/airflow/example_dags/example_local_kubernetes_executor.py", line 38, in <module>
    from kubernetes.client import models as k8s
ModuleNotFoundError: No module named 'kubernetes'
[[34m2025-07-14T16:15:25.426+0900[0m] {[34mexample_local_kubernetes_executor.py:[0m41} WARNING[0m - Install Kubernetes dependencies with: pip install apache-airflow[cncf.kubernetes][0m
[[34m2025-07-14T16:15:25.433+0900[0m] {[34mexample_python_operator.py:[0m93} WARNING[0m - The virtalenv_python example task requires virtualenv, please install it.[0m
[[34m2025-07-14T16:15:25.433+0900[0m] {[34mtutorial_taskflow_api_virtualenv.py:[0m29} WARNING[0m - The tutorial_taskflow_api_virtualenv example DAG requires virtualenv, please install it.[0m
[[34m2025-07-14T16:15:25.458+0900[0m] {[34mexample_python_decorator.py:[0m80} WARNING[0m - The virtalenv_python example task requires virtualenv, please install it.[0m
[[34m2025-07-14T16:15:25.507+0900[0m] {[34mexample_kubernetes_executor.py:[0m39} WARNING[0m - The example_kubernetes_executor example DAG requires the kubernetes provider. Please install it with: pip install apache-airflow[cncf.kubernetes][0m
[[34m2025-07-14T16:15:25.552+0900[0m] {[34mworkday.py:[0m41} WARNING[0m - Could not import pandas. Holidays will not be considered.[0m
[[34m2025-07-14T16:15:25.568+0900[0m] {[34mtask_command.py:[0m426} INFO[0m - Running <TaskInstance: qna_bot_monitoring.check_qna_bot_log scheduled__2025-07-12T18:10:00+00:00 [queued]> on host jaewanui-macbookpro.local[0m
[[34m2025-07-14T16:15:26.654+0900[0m] {[34msequential_executor.py:[0m74} INFO[0m - Executing command: ['airflow', 'tasks', 'run', 'news_bot_monitoring', 'check_and_notify', 'scheduled__2025-07-12T09:10:00+00:00', '--local', '--subdir', 'DAGS_FOLDER/news_bot_monitoring_dag.py'][0m
[[34m2025-07-14T16:15:27.235+0900[0m] {[34mdagbag.py:[0m545} INFO[0m - Filling up the DagBag from /Users/jaewansim/Documents/nerdlab/airflow/dags/news_bot_monitoring_dag.py[0m
[[34m2025-07-14T16:15:27.345+0900[0m] {[34mexample_local_kubernetes_executor.py:[0m40} WARNING[0m - Could not import DAGs in example_local_kubernetes_executor.py[0m
Traceback (most recent call last):
  File "/Users/jaewansim/Documents/nerdlab/airflow_venv/lib/python3.9/site-packages/airflow/example_dags/example_local_kubernetes_executor.py", line 38, in <module>
    from kubernetes.client import models as k8s
ModuleNotFoundError: No module named 'kubernetes'
[[34m2025-07-14T16:15:27.367+0900[0m] {[34mexample_local_kubernetes_executor.py:[0m41} WARNING[0m - Install Kubernetes dependencies with: pip install apache-airflow[cncf.kubernetes][0m
[[34m2025-07-14T16:15:27.472+0900[0m] {[34mexample_python_operator.py:[0m93} WARNING[0m - The virtalenv_python example task requires virtualenv, please install it.[0m
[[34m2025-07-14T16:15:27.474+0900[0m] {[34mtutorial_taskflow_api_virtualenv.py:[0m29} WARNING[0m - The tutorial_taskflow_api_virtualenv example DAG requires virtualenv, please install it.[0m
[[34m2025-07-14T16:15:27.515+0900[0m] {[34mexample_python_decorator.py:[0m80} WARNING[0m - The virtalenv_python example task requires virtualenv, please install it.[0m
[[34m2025-07-14T16:15:27.572+0900[0m] {[34mexample_kubernetes_executor.py:[0m39} WARNING[0m - The example_kubernetes_executor example DAG requires the kubernetes provider. Please install it with: pip install apache-airflow[cncf.kubernetes][0m
[[34m2025-07-14T16:15:27.621+0900[0m] {[34mworkday.py:[0m41} WARNING[0m - Could not import pandas. Holidays will not be considered.[0m
[[34m2025-07-14T16:15:27.638+0900[0m] {[34mtask_command.py:[0m426} INFO[0m - Running <TaskInstance: news_bot_monitoring.check_and_notify scheduled__2025-07-12T09:10:00+00:00 [queued]> on host jaewanui-macbookpro.local[0m
[[34m2025-07-14T16:17:28.061+0900[0m] {[34mscheduler_job_runner.py:[0m256} INFO[0m - Exiting gracefully upon receiving signal 15[0m
[[34m2025-07-14T16:17:28.469+0900[0m] {[34mprocess_utils.py:[0m132} INFO[0m - Sending Signals.SIGTERM to group 55547. PIDs of all processes in the group: [][0m
[[34m2025-07-14T16:17:28.470+0900[0m] {[34mprocess_utils.py:[0m87} INFO[0m - Sending the signal Signals.SIGTERM to group 55547[0m
[[34m2025-07-14T16:17:28.471+0900[0m] {[34mprocess_utils.py:[0m101} INFO[0m - Sending the signal Signals.SIGTERM to process 55547 as process group is missing.[0m
[[34m2025-07-14T16:17:28.475+0900[0m] {[34msequential_executor.py:[0m74} INFO[0m - Executing command: ['airflow', 'tasks', 'run', 'qna_bot_monitoring', 'check_qna_bot_log', 'scheduled__2025-07-12T18:10:00+00:00', '--local', '--subdir', 'DAGS_FOLDER/qna_bot_monitoring_dag.py'][0m
[[34m2025-07-14T16:17:29.379+0900[0m] {[34mdagbag.py:[0m545} INFO[0m - Filling up the DagBag from /Users/jaewansim/Documents/nerdlab/airflow/dags/qna_bot_monitoring_dag.py[0m
[[34m2025-07-14T16:17:29.437+0900[0m] {[34mexample_local_kubernetes_executor.py:[0m40} WARNING[0m - Could not import DAGs in example_local_kubernetes_executor.py[0m
Traceback (most recent call last):
  File "/Users/jaewansim/Documents/nerdlab/airflow_venv/lib/python3.9/site-packages/airflow/example_dags/example_local_kubernetes_executor.py", line 38, in <module>
    from kubernetes.client import models as k8s
ModuleNotFoundError: No module named 'kubernetes'
[[34m2025-07-14T16:17:29.439+0900[0m] {[34mexample_local_kubernetes_executor.py:[0m41} WARNING[0m - Install Kubernetes dependencies with: pip install apache-airflow[cncf.kubernetes][0m
[[34m2025-07-14T16:17:29.447+0900[0m] {[34mexample_python_operator.py:[0m93} WARNING[0m - The virtalenv_python example task requires virtualenv, please install it.[0m
[[34m2025-07-14T16:17:29.447+0900[0m] {[34mtutorial_taskflow_api_virtualenv.py:[0m29} WARNING[0m - The tutorial_taskflow_api_virtualenv example DAG requires virtualenv, please install it.[0m
[[34m2025-07-14T16:17:29.480+0900[0m] {[34mexample_python_decorator.py:[0m80} WARNING[0m - The virtalenv_python example task requires virtualenv, please install it.[0m
[[34m2025-07-14T16:17:29.543+0900[0m] {[34mexample_kubernetes_executor.py:[0m39} WARNING[0m - The example_kubernetes_executor example DAG requires the kubernetes provider. Please install it with: pip install apache-airflow[cncf.kubernetes][0m
[[34m2025-07-14T16:17:29.593+0900[0m] {[34mworkday.py:[0m41} WARNING[0m - Could not import pandas. Holidays will not be considered.[0m
[[34m2025-07-14T16:17:29.611+0900[0m] {[34mtask_command.py:[0m426} INFO[0m - Running <TaskInstance: qna_bot_monitoring.check_qna_bot_log scheduled__2025-07-12T18:10:00+00:00 [success]> on host jaewanui-macbookpro.local[0m
[[34m2025-07-14T16:17:29.785+0900[0m] {[34msequential_executor.py:[0m74} INFO[0m - Executing command: ['airflow', 'tasks', 'run', 'news_bot_monitoring', 'check_and_notify', 'scheduled__2025-07-12T09:10:00+00:00', '--local', '--subdir', 'DAGS_FOLDER/news_bot_monitoring_dag.py'][0m
[[34m2025-07-14T16:17:30.298+0900[0m] {[34mdagbag.py:[0m545} INFO[0m - Filling up the DagBag from /Users/jaewansim/Documents/nerdlab/airflow/dags/news_bot_monitoring_dag.py[0m
[[34m2025-07-14T16:17:30.341+0900[0m] {[34mexample_local_kubernetes_executor.py:[0m40} WARNING[0m - Could not import DAGs in example_local_kubernetes_executor.py[0m
Traceback (most recent call last):
  File "/Users/jaewansim/Documents/nerdlab/airflow_venv/lib/python3.9/site-packages/airflow/example_dags/example_local_kubernetes_executor.py", line 38, in <module>
    from kubernetes.client import models as k8s
ModuleNotFoundError: No module named 'kubernetes'
[[34m2025-07-14T16:17:30.343+0900[0m] {[34mexample_local_kubernetes_executor.py:[0m41} WARNING[0m - Install Kubernetes dependencies with: pip install apache-airflow[cncf.kubernetes][0m
[[34m2025-07-14T16:17:30.350+0900[0m] {[34mexample_python_operator.py:[0m93} WARNING[0m - The virtalenv_python example task requires virtualenv, please install it.[0m
[[34m2025-07-14T16:17:30.351+0900[0m] {[34mtutorial_taskflow_api_virtualenv.py:[0m29} WARNING[0m - The tutorial_taskflow_api_virtualenv example DAG requires virtualenv, please install it.[0m
[[34m2025-07-14T16:17:30.375+0900[0m] {[34mexample_python_decorator.py:[0m80} WARNING[0m - The virtalenv_python example task requires virtualenv, please install it.[0m
[[34m2025-07-14T16:17:30.422+0900[0m] {[34mexample_kubernetes_executor.py:[0m39} WARNING[0m - The example_kubernetes_executor example DAG requires the kubernetes provider. Please install it with: pip install apache-airflow[cncf.kubernetes][0m
[[34m2025-07-14T16:17:30.470+0900[0m] {[34mworkday.py:[0m41} WARNING[0m - Could not import pandas. Holidays will not be considered.[0m
[[34m2025-07-14T16:17:30.487+0900[0m] {[34mtask_command.py:[0m426} INFO[0m - Running <TaskInstance: news_bot_monitoring.check_and_notify scheduled__2025-07-12T09:10:00+00:00 [running]> on host jaewanui-macbookpro.local[0m
[[34m2025-07-14T16:17:30.644+0900[0m] {[34mprocess_utils.py:[0m132} INFO[0m - Sending Signals.SIGTERM to group 55547. PIDs of all processes in the group: [][0m
[[34m2025-07-14T16:17:30.644+0900[0m] {[34mprocess_utils.py:[0m87} INFO[0m - Sending the signal Signals.SIGTERM to group 55547[0m
[[34m2025-07-14T16:17:30.645+0900[0m] {[34mprocess_utils.py:[0m101} INFO[0m - Sending the signal Signals.SIGTERM to process 55547 as process group is missing.[0m
[[34m2025-07-14T16:17:30.645+0900[0m] {[34mscheduler_job_runner.py:[0m872} INFO[0m - Exited execute loop[0m
